make_training_images.py:118: RuntimeWarning: invalid value encountered in less
  CTH_mask = CTH_hr<5000
working on A2015197.2145
reading the cloud mask from MOD06_L2 product
/home/disk/eos4/jkcm/Data/MEASURES/new_modis/MYD06_L2.A2015197.2145.061.2018051135116.hdf
level-2 cloud mask array shape (2030, 1354)
reading the lat-lon from MYD03 product
/home/disk/eos4/jkcm/Data/MEASURES/new_modis/MYD03.A2015197.2145.061.2018048200537.hdf
level-2 lat-lon array shape (2030, 1354)
maximum(Sensor_Zenith) =  65.47
reading the reflectance from MYD02 product
/home/disk/eos4/jkcm/Data/MEASURES/new_modis/MYD02HKM.A2015197.2145.061.2018051030716.hdf
level-1B reflectance array shape (4060, 2708)
i=0
j=0
j=128
j=256
j=384
1
j=512
2
j=640
3
j=768
4
j=896
5
j=1024
6
j=1152
7
j=1280
8
j=1408
9
j=1536
10
j=1664
11
j=1792
12
j=1920
13
j=2048
14
j=2176
15
j=2304
j=2432
j=2560
i=128
j=0
j=128
j=256
j=384
16
j=512
17
j=640
18
j=768
19
j=896
20
j=1024
21
j=1152
22
j=1280
23
j=1408
24
j=1536
25
j=1664
26
j=1792
27
j=1920
28
j=2048
29
j=2176
30
j=2304
j=2432
j=2560
i=256
j=0
j=128
j=256
j=384
31
j=512
32
j=640
33
j=768
34
j=896
35
j=1024
36
j=1152
37
j=1280
38
j=1408
39
j=1536
40
j=1664
41
j=1792
42
j=1920
43
j=2048
44
j=2176
45
j=2304
j=2432
j=2560
i=384
j=0
j=128
j=256
j=384
46
j=512
47
j=640
48
j=768
49
j=896
50
j=1024
51
j=1152
52
j=1280
53
j=1408
54
j=1536
55
j=1664
56
j=1792
57
j=1920
58
j=2048
59
j=2176
60
j=2304
j=2432
j=2560
i=512
j=0
j=128
j=256
j=384
61
j=512
62
j=640
63
j=768
64
j=896
65
j=1024
66
j=1152
67
j=1280
68
j=1408
69
j=1536
70
j=1664
71
j=1792
72
j=1920
73
j=2048
74
j=2176
75
j=2304
j=2432
j=2560
i=640
j=0
j=128
j=256
j=384
76
j=512
77
j=640
78
j=768
79
j=896
80
j=1024
81
j=1152
82
j=1280
83
j=1408
84
j=1536
85
j=1664
86
j=1792
87
j=1920
88
j=2048
89
j=2176
90
j=2304
j=2432
j=2560
i=768
j=0
j=128
j=256
j=384
91
j=512
92
j=640
93
j=768
94
j=896
95
j=1024
96
j=1152
97
j=1280
98
j=1408
99
j=1536
100
j=1664
101
j=1792
102
j=1920
103
j=2048
104
j=2176
105
j=2304
j=2432
j=2560
i=896
j=0
j=128
j=256
j=384
106
j=512
107
j=640
108
j=768
109
j=896
110
j=1024
111
j=1152
112
j=1280
113
j=1408
114
j=1536
115
j=1664
116
j=1792
117
j=1920
118
j=2048
119
j=2176
120
j=2304
j=2432
j=2560
i=1024
j=0
j=128
j=256
j=384
121
j=512
122
j=640
123
j=768
124
j=896
125
j=1024
126
j=1152
127
j=1280
128
j=1408
129
j=1536
130
j=1664
131
j=1792
132
j=1920
133
j=2048
134
j=2176
135
j=2304
j=2432
j=2560
i=1152
j=0
j=128
j=256
j=384
136
j=512
137
j=640
138
j=768
139
j=896
140
j=1024
141
j=1152
142
j=1280
143
j=1408
144
j=1536
145
j=1664
146
j=1792
147
j=1920
148
j=2048
149
j=2176
150
j=2304
j=2432
j=2560
i=1280
j=0
j=128
j=256
j=384
151
j=512
152
j=640
153
j=768
154
j=896
155
j=1024
156
j=1152
157
j=1280
158
j=1408
159
j=1536
160
j=1664
161
j=1792
162
j=1920
163
j=2048
164
j=2176
165
j=2304
j=2432
j=2560
i=1408
j=0
j=128
j=256
j=384
166
j=512
167
j=640
168
j=768
169
j=896
170
j=1024
171
j=1152
172
j=1280
173
j=1408
174
j=1536
175
j=1664
176
j=1792
177
j=1920
178
j=2048
179
j=2176
180
j=2304
j=2432
j=2560
i=1536
j=0
j=128
j=256
j=384
181
j=512
182
j=640
183
j=768
184
j=896
185
j=1024
186
j=1152
187
j=1280
188
j=1408
189
j=1536
190
j=1664
191
j=1792
192
j=1920
193
j=2048
194
j=2176
195
j=2304
j=2432
j=2560
i=1664
j=0
j=128
j=256
j=384
196
j=512
197
j=640
198
j=768
199
j=896
200
j=1024
201
j=1152
202
j=1280
203
j=1408
204
j=1536
205
j=1664
206
j=1792
207
j=1920
208
j=2048
209
j=2176
210
j=2304
j=2432
j=2560
i=1792
j=0
j=128
j=256
j=384
211
j=512
212
j=640
213
j=768
214
j=896
215
j=1024
216
j=1152
217
j=1280
218
j=1408
219
j=1536
220
j=1664
221
j=1792
222
j=1920
223
j=2048
224
j=2176
225
j=2304
j=2432
j=2560
i=1920
j=0
j=128
j=256
j=384
226
j=512
227
j=640
228
j=768
229
j=896
230
j=1024
231
j=1152
232
j=1280
233
j=1408
234
j=1536
235
j=1664
236
j=1792
237
j=1920
238
j=2048
239
j=2176
240
j=2304
j=2432
j=2560
i=2048
j=0
j=128
j=256
j=384
241
j=512
242
j=640
243
j=768
244
j=896
245
j=1024
246
j=1152
247
j=1280
248
j=1408
249
j=1536
250
j=1664
251
j=1792
252
j=1920
253
j=2048
254
j=2176
255
j=2304
j=2432
j=2560
i=2176
j=0
j=128
j=256
j=384
256
j=512
257
j=640
258
j=768
259
j=896
260
j=1024
261
j=1152
262
j=1280
263
j=1408
264
j=1536
265
j=1664
266
j=1792
267
j=1920
268
j=2048
269
j=2176
270
j=2304
j=2432
j=2560
i=2304
j=0
j=128
j=256
j=384
271
j=512
272
j=640
273
j=768
274
j=896
275
j=1024
276
j=1152
277
j=1280
278
j=1408
279
j=1536
280
j=1664
281
j=1792
282
j=1920
283
j=2048
284
j=2176
285
j=2304
j=2432
j=2560
i=2432
j=0
j=128
j=256
j=384
286
j=512
287
j=640
288
j=768
289
j=896
290
j=1024
291
j=1152
292
j=1280
293
j=1408
294
j=1536
295
j=1664
296
j=1792
297
j=1920
298
j=2048
299
j=2176
300
j=2304
j=2432
j=2560
i=2560
j=0
j=128
j=256
j=384
301
j=512
302
j=640
303
j=768
304
j=896
305
j=1024
306
j=1152
307
j=1280
308
j=1408
309
j=1536
310
j=1664
311
j=1792
312
j=1920
313
j=2048
314
j=2176
315
j=2304
j=2432
j=2560
i=2688
j=0
j=128
j=256
j=384
316
j=512
317
j=640
318
j=768
319
j=896
320
j=1024
321
j=1152
322
j=1280
323
j=1408
324
j=1536
325
j=1664
326
j=1792
327
j=1920
328
j=2048
329
j=2176
330
j=2304
j=2432
j=2560
i=2816
j=0
j=128
j=256
j=384
331
j=512
332
j=640
333
j=768
334
j=896
335
j=1024
336
j=1152
337
j=1280
338
j=1408
339
j=1536
340
j=1664
341
j=1792
342
j=1920
343
j=2048
344
j=2176
345
j=2304
j=2432
j=2560
i=2944
j=0
j=128
j=256
j=384
346
j=512
347
j=640
348
j=768
349
j=896
350
j=1024
351
j=1152
352
j=1280
353
j=1408
354
j=1536
355
j=1664
356
j=1792
357
j=1920
358
j=2048
359
j=2176
360
j=2304
j=2432
j=2560
i=3072
j=0
j=128
j=256
j=384
361
j=512
362
j=640
363
j=768
364
j=896
365
j=1024
366
j=1152
367
j=1280
368
j=1408
369
j=1536
370
j=1664
371
j=1792
372
j=1920
373
j=2048
374
j=2176
375
j=2304
j=2432
j=2560
i=3200
j=0
j=128
j=256
j=384
376
j=512
377
j=640
378
j=768
379
j=896
380
j=1024
381
j=1152
382
j=1280
383
j=1408
384
j=1536
385
j=1664
386
j=1792
387
j=1920
388
j=2048
389
j=2176
390
j=2304
j=2432
j=2560
i=3328
j=0
j=128
j=256
j=384
391
j=512
392
j=640
393
j=768
394
j=896
395
j=1024
396
j=1152
397
j=1280
398
j=1408
399
j=1536
400
j=1664
401
j=1792
402
j=1920
403
j=2048
404
j=2176
405
j=2304
j=2432
j=2560
i=3456
j=0
j=128
j=256
j=384
406
j=512
407
j=640
408
j=768
409
j=896
410
j=1024
411
j=1152
412
j=1280
413
j=1408
414
j=1536
415
j=1664
416
j=1792
417
j=1920
418
j=2048
419
j=2176
420
j=2304
j=2432
j=2560
i=3584
j=0
j=128
j=256
j=384
421
j=512
422
j=640
423
j=768
424
j=896
425
j=1024
426
j=1152
427
j=1280
428
j=1408
429
j=1536
430
j=1664
431
j=1792
432
j=1920
433
j=2048
434
j=2176
435
j=2304
j=2432
j=2560
i=3712
j=0
j=128
j=256
j=384
436
j=512
437
j=640
438
j=768
439
j=896
440
j=1024
441
j=1152
442
j=1280
443
j=1408
444
j=1536
445
j=1664
446
j=1792
447
j=1920
448
j=2048
449
j=2176
450
j=2304
j=2432
j=2560
i=3840
j=0
j=128
j=256
j=384
451
j=512
452
j=640
453
j=768
454
j=896
455
j=1024
456
j=1152
457
j=1280
458
j=1408
459
j=1536
460
j=1664
461
j=1792
462
j=1920
463
j=2048
464
j=2176
465
j=2304
j=2432
j=2560
