



beginning: Tue Oct  8 22:28:07 2019
Downloading all MYD021KM daytime data from 2015/07/01 to 2016/09/30. Using 16 processors



.
syntax error, unexpected WORD_WORD, expecting SCAN_ATTR or SCAN_DATASET or SCAN_ERROR
context: <html^><head><title>504 Gateway Time-out</title></head><body><center><h1>504 Gateway Time-out</h1></center><hr><center>openresty</center></body></html>
syntax error, unexpected WORD_WORD, expecting SCAN_ATTR or SCAN_DATASET or SCAN_ERROR
context: <html^><head><title>504 Gateway Time-out</title></head><body><center><h1>504 Gateway Time-out</h1></center><hr><center>openresty</center></body></html>
syntax error, unexpected WORD_WORD, expecting SCAN_ATTR or SCAN_DATASET or SCAN_ERROR
context: <html^><head><title>504 Gateway Time-out</title></head><body><center><h1>504 Gateway Time-out</h1></center><hr><center>openresty</center></body></html>
syntax error, unexpected WORD_WORD, expecting SCAN_ATTR or SCAN_DATASET or SCAN_ERROR
context: <html^><head><title>504 Gateway Time-out</title></head><body><center><h1>504 Gateway Time-out</h1></center><hr><center>openresty</center></body></html>
syntax error, unexpected WORD_WORD, expecting SCAN_ATTR or SCAN_DATASET or SCAN_ERROR
context: <html^><head><title>504 Gateway Time-out</title></head><body><center><h1>504 Gateway Time-out</h1></center><hr><center>openresty</center></body></html>
syntax error, unexpected WORD_WORD, expecting SCAN_ATTR or SCAN_DATASET or SCAN_ERROR
context: <html^><head><title>504 Gateway Time-out</title></head><body><center><h1>504 Gateway Time-out</h1></center><hr><center>openresty</center></body></html>
syntax error, unexpected WORD_WORD, expecting SCAN_ATTR or SCAN_DATASET or SCAN_ERROR
context: <html^><head><title>504 Gateway Time-out</title></head><body><center><h1>504 Gateway Time-out</h1></center><hr><center>openresty</center></body></html>
syntax error, unexpected WORD_WORD, expecting SCAN_ATTR or SCAN_DATASET or SCAN_ERROR
context: <html^><head><title>504 Gateway Time-out</title></head><body><center><h1>504 Gateway Time-out</h1></center><hr><center>openresty</center></body></html>
syntax error, unexpected WORD_WORD, expecting SCAN_ATTR or SCAN_DATASET or SCAN_ERROR
context: <html^><head><title>504 Gateway Time-out</title></head><body><center><h1>504 Gateway Time-out</h1></center><hr><center>openresty</center></body></html>
syntax error, unexpected WORD_WORD, expecting SCAN_ATTR or SCAN_DATASET or SCAN_ERROR
context: <html^><head><title>504 Gateway Time-out</title></head><body><center><h1>504 Gateway Time-out</h1></center><hr><center>openresty</center></body></html>
