



beginning: Tue Oct  8 22:35:49 2019
Downloading all MYD021KM daytime data from 2015/11/01 to 2016/03/31. Using 24 processors



.
syntax error, unexpected WORD_WORD, expecting SCAN_ATTR or SCAN_DATASET or SCAN_ERROR
context: <html^><head><title>504 Gateway Time-out</title></head><body><center><h1>504 Gateway Time-out</h1></center><hr><center>openresty</center></body></html>
syntax error, unexpected WORD_WORD, expecting SCAN_ATTR or SCAN_DATASET or SCAN_ERROR
context: <html^><head><title>504 Gateway Time-out</title></head><body><center><h1>504 Gateway Time-out</h1></center><hr><center>openresty</center></body></html>
syntax error, unexpected WORD_WORD, expecting SCAN_ATTR or SCAN_DATASET or SCAN_ERROR
context: <html^><head><title>504 Gateway Time-out</title></head><body><center><h1>504 Gateway Time-out</h1></center><hr><center>openresty</center></body></html>
syntax error, unexpected WORD_WORD, expecting SCAN_ATTR or SCAN_DATASET or SCAN_ERROR
context: <html^><head><title>504 Gateway Time-out</title></head><body><center><h1>504 Gateway Time-out</h1></center><hr><center>openresty</center></body></html>
syntax error, unexpected WORD_WORD, expecting SCAN_ATTR or SCAN_DATASET or SCAN_ERROR
context: <html^><head><title>504 Gateway Time-out</title></head><body><center><h1>504 Gateway Time-out</h1></center><hr><center>openresty</center></body></html>
syntax error, unexpected WORD_WORD, expecting SCAN_ATTR or SCAN_DATASET or SCAN_ERROR
context: <html^><head><title>504 Gateway Time-out</title></head><body><center><h1>504 Gateway Time-out</h1></center><hr><center>openresty</center></body></html>
syntax error, unexpected WORD_WORD, expecting SCAN_ATTR or SCAN_DATASET or SCAN_ERROR
context: <html^><head><title>504 Gateway Time-out</title></head><body><center><h1>504 Gateway Time-out</h1></center><hr><center>openresty</center></body></html>
syntax error, unexpected WORD_WORD, expecting SCAN_ATTR or SCAN_DATASET or SCAN_ERROR
context: <html^><head><title>504 Gateway Time-out</title></head><body><center><h1>504 Gateway Time-out</h1></center><hr><center>openresty</center></body></html>
syntax error, unexpected WORD_WORD, expecting SCAN_ATTR or SCAN_DATASET or SCAN_ERROR
context: <html^><head><title>504 Gateway Time-out</title></head><body><center><h1>504 Gateway Time-out</h1></center><hr><center>openresty</center></body></html>
syntax error, unexpected WORD_WORD, expecting SCAN_ATTR or SCAN_DATASET or SCAN_ERROR
context: <html^><head><title>504 Gateway Time-out</title></head><body><center><h1>504 Gateway Time-out</h1></center><hr><center>openresty</center></body></html>
syntax error, unexpected WORD_WORD, expecting SCAN_ATTR or SCAN_DATASET or SCAN_ERROR
context: <html^><head><title>504 Gateway Time-out</title></head><body><center><h1>504 Gateway Time-out</h1></center><hr><center>openresty</center></body></html>
syntax error, unexpected WORD_WORD, expecting SCAN_ATTR or SCAN_DATASET or SCAN_ERROR
context: <html^><head><title>504 Gateway Time-out</title></head><body><center><h1>504 Gateway Time-out</h1></center><hr><center>openresty</center></body></html>
syntax error, unexpected WORD_WORD, expecting SCAN_ATTR or SCAN_DATASET or SCAN_ERROR
context: <html^><head><title>504 Gateway Time-out</title></head><body><center><h1>504 Gateway Time-out</h1></center><hr><center>openresty</center></body></html>
syntax error, unexpected WORD_WORD, expecting SCAN_ATTR or SCAN_DATASET or SCAN_ERROR
context: <html^><head><title>504 Gateway Time-out</title></head><body><center><h1>504 Gateway Time-out</h1></center><hr><center>openresty</center></body></html>
syntax error, unexpected WORD_WORD, expecting SCAN_ATTR or SCAN_DATASET or SCAN_ERROR
context: <html^><head><title>504 Gateway Time-out</title></head><body><center><h1>504 Gateway Time-out</h1></center><hr><center>openresty</center></body></html>
syntax error, unexpected WORD_WORD, expecting SCAN_ATTR or SCAN_DATASET or SCAN_ERROR
context: <html^><head><title>504 Gateway Time-out</title></head><body><center><h1>504 Gateway Time-out</h1></center><hr><center>openresty</center></body></html>
syntax error, unexpected WORD_WORD, expecting SCAN_ATTR or SCAN_DATASET or SCAN_ERROR
context: <html^><head><title>504 Gateway Time-out</title></head><body><center><h1>504 Gateway Time-out</h1></center><hr><center>openresty</center></body></html>
syntax error, unexpected WORD_WORD, expecting SCAN_ATTR or SCAN_DATASET or SCAN_ERROR
context: <html^><head><title>504 Gateway Time-out</title></head><body><center><h1>504 Gateway Time-out</h1></center><hr><center>openresty</center></body></html>
syntax error, unexpected WORD_WORD, expecting SCAN_ATTR or SCAN_DATASET or SCAN_ERROR
context: <html^><head><title>504 Gateway Time-out</title></head><body><center><h1>504 Gateway Time-out</h1></center><hr><center>openresty</center></body></html>
syntax error, unexpected WORD_WORD, expecting SCAN_ATTR or SCAN_DATASET or SCAN_ERROR
context: <html^><head><title>504 Gateway Time-out</title></head><body><center><h1>504 Gateway Time-out</h1></center><hr><center>openresty</center></body></html>
syntax error, unexpected WORD_WORD, expecting SCAN_ATTR or SCAN_DATASET or SCAN_ERROR
context: <html^><head><title>504 Gateway Time-out</title></head><body><center><h1>504 Gateway Time-out</h1></center><hr><center>openresty</center></body></html>
syntax error, unexpected WORD_WORD, expecting SCAN_ATTR or SCAN_DATASET or SCAN_ERROR
context: <html^><head><title>504 Gateway Time-out</title></head><body><center><h1>504 Gateway Time-out</h1></center><hr><center>openresty</center></body></html>
syntax error, unexpected WORD_WORD, expecting SCAN_ATTR or SCAN_DATASET or SCAN_ERROR
context: <html^><head><title>504 Gateway Time-out</title></head><body><center><h1>504 Gateway Time-out</h1></center><hr><center>openresty</center></body></html>
syntax error, unexpected WORD_WORD, expecting SCAN_ATTR or SCAN_DATASET or SCAN_ERROR
context: <html^><head><title>504 Gateway Time-out</title></head><body><center><h1>504 Gateway Time-out</h1></center><hr><center>openresty</center></body></html>
syntax error, unexpected WORD_WORD, expecting SCAN_ATTR or SCAN_DATASET or SCAN_ERROR
context: <html^><head><title>504 Gateway Time-out</title></head><body><center><h1>504 Gateway Time-out</h1></center><hr><center>openresty</center></body></html>
syntax error, unexpected WORD_WORD, expecting SCAN_ATTR or SCAN_DATASET or SCAN_ERROR
context: <html^><head><title>504 Gateway Time-out</title></head><body><center><h1>504 Gateway Time-out</h1></center><hr><center>openresty</center></body></html>
syntax error, unexpected WORD_WORD, expecting SCAN_ATTR or SCAN_DATASET or SCAN_ERROR
context: <html^><head><title>504 Gateway Time-out</title></head><body><center><h1>504 Gateway Time-out</h1></center><hr><center>openresty</center></body></html>
syntax error, unexpected WORD_WORD, expecting SCAN_ATTR or SCAN_DATASET or SCAN_ERROR
context: <html^><head><title>504 Gateway Time-out</title></head><body><center><h1>504 Gateway Time-out</h1></center><hr><center>openresty</center></body></html>
syntax error, unexpected WORD_WORD, expecting SCAN_ATTR or SCAN_DATASET or SCAN_ERROR
context: <html^><head><title>504 Gateway Time-out</title></head><body><center><h1>504 Gateway Time-out</h1></center><hr><center>openresty</center></body></html>
syntax error, unexpected WORD_WORD, expecting SCAN_ATTR or SCAN_DATASET or SCAN_ERROR
context: <html^><head><title>504 Gateway Time-out</title></head><body><center><h1>504 Gateway Time-out</h1></center><hr><center>openresty</center></body></html>
syntax error, unexpected WORD_WORD, expecting SCAN_ATTR or SCAN_DATASET or SCAN_ERROR
context: <html^><head><title>504 Gateway Time-out</title></head><body><center><h1>504 Gateway Time-out</h1></center><hr><center>openresty</center></body></html>
syntax error, unexpected WORD_WORD, expecting SCAN_ATTR or SCAN_DATASET or SCAN_ERROR
context: <html^><head><title>504 Gateway Time-out</title></head><body><center><h1>504 Gateway Time-out</h1></center><hr><center>openresty</center></body></html>
syntax error, unexpected WORD_WORD, expecting SCAN_ATTR or SCAN_DATASET or SCAN_ERROR
context: <html^><head><title>504 Gateway Time-out</title></head><body><center><h1>504 Gateway Time-out</h1></center><hr><center>openresty</center></body></html>
syntax error, unexpected WORD_WORD, expecting SCAN_ATTR or SCAN_DATASET or SCAN_ERROR
context: <html^><head><title>504 Gateway Time-out</title></head><body><center><h1>504 Gateway Time-out</h1></center><hr><center>openresty</center></body></html>
syntax error, unexpected WORD_WORD, expecting SCAN_ATTR or SCAN_DATASET or SCAN_ERROR
context: <html^><head><title>504 Gateway Time-out</title></head><body><center><h1>504 Gateway Time-out</h1></center><hr><center>openresty</center></body></html>
syntax error, unexpected WORD_WORD, expecting SCAN_ATTR or SCAN_DATASET or SCAN_ERROR
context: <html^><head><title>504 Gateway Time-out</title></head><body><center><h1>504 Gateway Time-out</h1></center><hr><center>openresty</center></body></html>
syntax error, unexpected WORD_WORD, expecting SCAN_ATTR or SCAN_DATASET or SCAN_ERROR
context: <html^><head><title>504 Gateway Time-out</title></head><body><center><h1>504 Gateway Time-out</h1></center><hr><center>openresty</center></body></html>
syntax error, unexpected WORD_WORD, expecting SCAN_ATTR or SCAN_DATASET or SCAN_ERROR
context: <html^><head><title>504 Gateway Time-out</title></head><body><center><h1>504 Gateway Time-out</h1></center><hr><center>openresty</center></body></html>
syntax error, unexpected WORD_WORD, expecting SCAN_ATTR or SCAN_DATASET or SCAN_ERROR
context: <html^><head><title>504 Gateway Time-out</title></head><body><center><h1>504 Gateway Time-out</h1></center><hr><center>openresty</center></body></html>
syntax error, unexpected WORD_WORD, expecting SCAN_ATTR or SCAN_DATASET or SCAN_ERROR
context: <html^><head><title>504 Gateway Time-out</title></head><body><center><h1>504 Gateway Time-out</h1></center><hr><center>openresty</center></body></html>
syntax error, unexpected WORD_WORD, expecting SCAN_ATTR or SCAN_DATASET or SCAN_ERROR
context: <html^><head><title>504 Gateway Time-out</title></head><body><center><h1>504 Gateway Time-out</h1></center><hr><center>openresty</center></body></html>
syntax error, unexpected WORD_WORD, expecting SCAN_ATTR or SCAN_DATASET or SCAN_ERROR
context: <html^><head><title>504 Gateway Time-out</title></head><body><center><h1>504 Gateway Time-out</h1></center><hr><center>openresty</center></body></html>
syntax error, unexpected WORD_WORD, expecting SCAN_ATTR or SCAN_DATASET or SCAN_ERROR
context: <html^><head><title>504 Gateway Time-out</title></head><body><center><h1>504 Gateway Time-out</h1></center><hr><center>openresty</center></body></html>
syntax error, unexpected WORD_WORD, expecting SCAN_ATTR or SCAN_DATASET or SCAN_ERROR
context: <html^><head><title>504 Gateway Time-out</title></head><body><center><h1>504 Gateway Time-out</h1></center><hr><center>openresty</center></body></html>
syntax error, unexpected WORD_WORD, expecting SCAN_ATTR or SCAN_DATASET or SCAN_ERROR
context: <html^><head><title>504 Gateway Time-out</title></head><body><center><h1>504 Gateway Time-out</h1></center><hr><center>openresty</center></body></html>
syntax error, unexpected WORD_WORD, expecting SCAN_ATTR or SCAN_DATASET or SCAN_ERROR
context: <html^><head><title>504 Gateway Time-out</title></head><body><center><h1>504 Gateway Time-out</h1></center><hr><center>openresty</center></body></html>
syntax error, unexpected WORD_WORD, expecting SCAN_ATTR or SCAN_DATASET or SCAN_ERROR
context: <html^><head><title>504 Gateway Time-out</title></head><body><center><h1>504 Gateway Time-out</h1></center><hr><center>openresty</center></body></html>
syntax error, unexpected WORD_WORD, expecting SCAN_ATTR or SCAN_DATASET or SCAN_ERROR
context: <html^><head><title>504 Gateway Time-out</title></head><body><center><h1>504 Gateway Time-out</h1></center><hr><center>openresty</center></body></html>
syntax error, unexpected WORD_WORD, expecting SCAN_ATTR or SCAN_DATASET or SCAN_ERROR
context: <html^><head><title>504 Gateway Time-out</title></head><body><center><h1>504 Gateway Time-out</h1></center><hr><center>openresty</center></body></html>
syntax error, unexpected WORD_WORD, expecting SCAN_ATTR or SCAN_DATASET or SCAN_ERROR
context: <html^><head><title>504 Gateway Time-out</title></head><body><center><h1>504 Gateway Time-out</h1></center><hr><center>openresty</center></body></html>
syntax error, unexpected WORD_WORD, expecting SCAN_ATTR or SCAN_DATASET or SCAN_ERROR
context: <html^><head><title>504 Gateway Time-out</title></head><body><center><h1>504 Gateway Time-out</h1></center><hr><center>openresty</center></body></html>
syntax error, unexpected WORD_WORD, expecting SCAN_ATTR or SCAN_DATASET or SCAN_ERROR
context: <html^><head><title>504 Gateway Time-out</title></head><body><center><h1>504 Gateway Time-out</h1></center><hr><center>openresty</center></body></html>
syntax error, unexpected WORD_WORD, expecting SCAN_ATTR or SCAN_DATASET or SCAN_ERROR
context: <html^><head><title>504 Gateway Time-out</title></head><body><center><h1>504 Gateway Time-out</h1></center><hr><center>openresty</center></body></html>
syntax error, unexpected WORD_WORD, expecting SCAN_ATTR or SCAN_DATASET or SCAN_ERROR
context: <html^><head><title>504 Gateway Time-out</title></head><body><center><h1>504 Gateway Time-out</h1></center><hr><center>openresty</center></body></html>
syntax error, unexpected WORD_WORD, expecting SCAN_ATTR or SCAN_DATASET or SCAN_ERROR
context: <html^><head><title>504 Gateway Time-out</title></head><body><center><h1>504 Gateway Time-out</h1></center><hr><center>openresty</center></body></html>
syntax error, unexpected WORD_WORD, expecting SCAN_ATTR or SCAN_DATASET or SCAN_ERROR
context: <html^><head><title>504 Gateway Time-out</title></head><body><center><h1>504 Gateway Time-out</h1></center><hr><center>openresty</center></body></html>
syntax error, unexpected WORD_WORD, expecting SCAN_ATTR or SCAN_DATASET or SCAN_ERROR
context: <html^><head><title>504 Gateway Time-out</title></head><body><center><h1>504 Gateway Time-out</h1></center><hr><center>openresty</center></body></html>
syntax error, unexpected WORD_WORD, expecting SCAN_ATTR or SCAN_DATASET or SCAN_ERROR
context: <html^><head><title>504 Gateway Time-out</title></head><body><center><h1>504 Gateway Time-out</h1></center><hr><center>openresty</center></body></html>
syntax error, unexpected WORD_WORD, expecting SCAN_ATTR or SCAN_DATASET or SCAN_ERROR
context: <html^><head><title>504 Gateway Time-out</title></head><body><center><h1>504 Gateway Time-out</h1></center><hr><center>openresty</center></body></html>
syntax error, unexpected WORD_WORD, expecting SCAN_ATTR or SCAN_DATASET or SCAN_ERROR
context: <html^><head><title>504 Gateway Time-out</title></head><body><center><h1>504 Gateway Time-out</h1></center><hr><center>openresty</center></body></html>
syntax error, unexpected WORD_WORD, expecting SCAN_ATTR or SCAN_DATASET or SCAN_ERROR
context: <html^><head><title>504 Gateway Time-out</title></head><body><center><h1>504 Gateway Time-out</h1></center><hr><center>openresty</center></body></html>
syntax error, unexpected WORD_WORD, expecting SCAN_ATTR or SCAN_DATASET or SCAN_ERROR
context: <html^><head><title>504 Gateway Time-out</title></head><body><center><h1>504 Gateway Time-out</h1></center><hr><center>openresty</center></body></html>
syntax error, unexpected WORD_WORD, expecting SCAN_ATTR or SCAN_DATASET or SCAN_ERROR
context: <html^><head><title>504 Gateway Time-out</title></head><body><center><h1>504 Gateway Time-out</h1></center><hr><center>openresty</center></body></html>
syntax error, unexpected WORD_WORD, expecting SCAN_ATTR or SCAN_DATASET or SCAN_ERROR
context: <html^><head><title>504 Gateway Time-out</title></head><body><center><h1>504 Gateway Time-out</h1></center><hr><center>openresty</center></body></html>
syntax error, unexpected $end, expecting ';'
context: Error {  code = 500; message = "Problem encountered with BES connection. Message: 'Failed to write to socket: Broken pipe (Write failed)' OPeNDAPClient executed 49 prior commands.";}^
syntax error, unexpected WORD_WORD, expecting SCAN_ATTR or SCAN_DATASET or SCAN_ERROR
context: <html^><head><title>504 Gateway Time-out</title></head><body><center><h1>504 Gateway Time-out</h1></center><hr><center>openresty</center></body></html>
syntax error, unexpected WORD_WORD, expecting SCAN_ATTR or SCAN_DATASET or SCAN_ERROR
context: <html^><head><title>504 Gateway Time-out</title></head><body><center><h1>504 Gateway Time-out</h1></center><hr><center>openresty</center></body></html>
syntax error, unexpected WORD_WORD, expecting SCAN_ATTR or SCAN_DATASET or SCAN_ERROR
context: <html^><head><title>504 Gateway Time-out</title></head><body><center><h1>504 Gateway Time-out</h1></center><hr><center>openresty</center></body></html>
syntax error, unexpected WORD_WORD, expecting SCAN_ATTR or SCAN_DATASET or SCAN_ERROR
context: <html^><head><title>504 Gateway Time-out</title></head><body><center><h1>504 Gateway Time-out</h1></center><hr><center>openresty</center></body></html>
syntax error, unexpected WORD_WORD, expecting SCAN_ATTR or SCAN_DATASET or SCAN_ERROR
context: <html^><head><title>504 Gateway Time-out</title></head><body><center><h1>504 Gateway Time-out</h1></center><hr><center>openresty</center></body></html>
syntax error, unexpected WORD_WORD, expecting SCAN_ATTR or SCAN_DATASET or SCAN_ERROR
context: <html^><head><title>504 Gateway Time-out</title></head><body><center><h1>504 Gateway Time-out</h1></center><hr><center>openresty</center></body></html>
syntax error, unexpected WORD_WORD, expecting SCAN_ATTR or SCAN_DATASET or SCAN_ERROR
context: <html^><head><title>504 Gateway Time-out</title></head><body><center><h1>504 Gateway Time-out</h1></center><hr><center>openresty</center></body></html>
syntax error, unexpected WORD_WORD, expecting SCAN_ATTR or SCAN_DATASET or SCAN_ERROR
context: <html^><head><title>504 Gateway Time-out</title></head><body><center><h1>504 Gateway Time-out</h1></center><hr><center>openresty</center></body></html>
syntax error, unexpected WORD_WORD, expecting SCAN_ATTR or SCAN_DATASET or SCAN_ERROR
context: <html^><head><title>504 Gateway Time-out</title></head><body><center><h1>504 Gateway Time-out</h1></center><hr><center>openresty</center></body></html>
syntax error, unexpected WORD_WORD, expecting SCAN_ATTR or SCAN_DATASET or SCAN_ERROR
context: <html^><head><title>504 Gateway Time-out</title></head><body><center><h1>504 Gateway Time-out</h1></center><hr><center>openresty</center></body></html>
syntax error, unexpected WORD_WORD, expecting SCAN_ATTR or SCAN_DATASET or SCAN_ERROR
context: <html^><head><title>504 Gateway Time-out</title></head><body><center><h1>504 Gateway Time-out</h1></center><hr><center>openresty</center></body></html>
syntax error, unexpected WORD_WORD, expecting SCAN_ATTR or SCAN_DATASET or SCAN_ERROR
context: <html^><head><title>504 Gateway Time-out</title></head><body><center><h1>504 Gateway Time-out</h1></center><hr><center>openresty</center></body></html>
syntax error, unexpected WORD_WORD, expecting SCAN_ATTR or SCAN_DATASET or SCAN_ERROR
context: <html^><head><title>504 Gateway Time-out</title></head><body><center><h1>504 Gateway Time-out</h1></center><hr><center>openresty</center></body></html>
syntax error, unexpected WORD_WORD, expecting SCAN_ATTR or SCAN_DATASET or SCAN_ERROR
context: <html^><head><title>504 Gateway Time-out</title></head><body><center><h1>504 Gateway Time-out</h1></center><hr><center>openresty</center></body></html>
syntax error, unexpected WORD_WORD, expecting SCAN_ATTR or SCAN_DATASET or SCAN_ERROR
context: <html^><head><title>504 Gateway Time-out</title></head><body><center><h1>504 Gateway Time-out</h1></center><hr><center>openresty</center></body></html>
syntax error, unexpected WORD_WORD, expecting SCAN_ATTR or SCAN_DATASET or SCAN_ERROR
context: <html^><head><title>504 Gateway Time-out</title></head><body><center><h1>504 Gateway Time-out</h1></center><hr><center>openresty</center></body></html>
syntax error, unexpected WORD_WORD, expecting SCAN_ATTR or SCAN_DATASET or SCAN_ERROR
context: <html^><head><title>504 Gateway Time-out</title></head><body><center><h1>504 Gateway Time-out</h1></center><hr><center>openresty</center></body></html>
syntax error, unexpected WORD_WORD, expecting SCAN_ATTR or SCAN_DATASET or SCAN_ERROR
context: <html^><head><title>504 Gateway Time-out</title></head><body><center><h1>504 Gateway Time-out</h1></center><hr><center>openresty</center></body></html>
syntax error, unexpected WORD_WORD, expecting SCAN_ATTR or SCAN_DATASET or SCAN_ERROR
context: <html^><head><title>504 Gateway Time-out</title></head><body><center><h1>504 Gateway Time-out</h1></center><hr><center>openresty</center></body></html>
syntax error, unexpected WORD_WORD, expecting SCAN_ATTR or SCAN_DATASET or SCAN_ERROR
context: <html^><head><title>504 Gateway Time-out</title></head><body><center><h1>504 Gateway Time-out</h1></center><hr><center>openresty</center></body></html>
syntax error, unexpected WORD_WORD, expecting SCAN_ATTR or SCAN_DATASET or SCAN_ERROR
context: <html^><head><title>504 Gateway Time-out</title></head><body><center><h1>504 Gateway Time-out</h1></center><hr><center>openresty</center></body></html>
syntax error, unexpected WORD_WORD, expecting SCAN_ATTR or SCAN_DATASET or SCAN_ERROR
context: <html^><head><title>504 Gateway Time-out</title></head><body><center><h1>504 Gateway Time-out</h1></center><hr><center>openresty</center></body></html>
syntax error, unexpected WORD_WORD, expecting SCAN_ATTR or SCAN_DATASET or SCAN_ERROR
context: <html^><head><title>504 Gateway Time-out</title></head><body><center><h1>504 Gateway Time-out</h1></center><hr><center>openresty</center></body></html>
syntax error, unexpected WORD_WORD, expecting SCAN_ATTR or SCAN_DATASET or SCAN_ERROR
context: <html^><head><title>504 Gateway Time-out</title></head><body><center><h1>504 Gateway Time-out</h1></center><hr><center>openresty</center></body></html>
syntax error, unexpected WORD_WORD, expecting SCAN_ATTR or SCAN_DATASET or SCAN_ERROR
context: <html^><head><title>504 Gateway Time-out</title></head><body><center><h1>504 Gateway Time-out</h1></center><hr><center>openresty</center></body></html>
syntax error, unexpected WORD_WORD, expecting SCAN_ATTR or SCAN_DATASET or SCAN_ERROR
context: <html^><head><title>504 Gateway Time-out</title></head><body><center><h1>504 Gateway Time-out</h1></center><hr><center>openresty</center></body></html>
syntax error, unexpected WORD_WORD, expecting SCAN_ATTR or SCAN_DATASET or SCAN_ERROR
context: <html^><head><title>504 Gateway Time-out</title></head><body><center><h1>504 Gateway Time-out</h1></center><hr><center>openresty</center></body></html>
syntax error, unexpected WORD_WORD, expecting SCAN_ATTR or SCAN_DATASET or SCAN_ERROR
context: <html^><head><title>504 Gateway Time-out</title></head><body><center><h1>504 Gateway Time-out</h1></center><hr><center>openresty</center></body></html>
syntax error, unexpected WORD_WORD, expecting SCAN_ATTR or SCAN_DATASET or SCAN_ERROR
context: <html^><head><title>504 Gateway Time-out</title></head><body><center><h1>504 Gateway Time-out</h1></center><hr><center>openresty</center></body></html>
syntax error, unexpected WORD_WORD, expecting SCAN_ATTR or SCAN_DATASET or SCAN_ERROR
context: <html^><head><title>504 Gateway Time-out</title></head><body><center><h1>504 Gateway Time-out</h1></center><hr><center>openresty</center></body></html>
syntax error, unexpected WORD_WORD, expecting SCAN_ATTR or SCAN_DATASET or SCAN_ERROR
context: <html^><head><title>504 Gateway Time-out</title></head><body><center><h1>504 Gateway Time-out</h1></center><hr><center>openresty</center></body></html>
syntax error, unexpected WORD_WORD, expecting SCAN_ATTR or SCAN_DATASET or SCAN_ERROR
context: <html^><head><title>504 Gateway Time-out</title></head><body><center><h1>504 Gateway Time-out</h1></center><hr><center>openresty</center></body></html>
syntax error, unexpected WORD_WORD, expecting SCAN_ATTR or SCAN_DATASET or SCAN_ERROR
context: <html^><head><title>504 Gateway Time-out</title></head><body><center><h1>504 Gateway Time-out</h1></center><hr><center>openresty</center></body></html>
syntax error, unexpected WORD_WORD, expecting SCAN_ATTR or SCAN_DATASET or SCAN_ERROR
context: <html^><head><title>504 Gateway Time-out</title></head><body><center><h1>504 Gateway Time-out</h1></center><hr><center>openresty</center></body></html>
syntax error, unexpected WORD_WORD, expecting SCAN_ATTR or SCAN_DATASET or SCAN_ERROR
context: <html^><head><title>504 Gateway Time-out</title></head><body><center><h1>504 Gateway Time-out</h1></center><hr><center>openresty</center></body></html>
syntax error, unexpected WORD_WORD, expecting SCAN_ATTR or SCAN_DATASET or SCAN_ERROR
context: <html^><head><title>504 Gateway Time-out</title></head><body><center><h1>504 Gateway Time-out</h1></center><hr><center>openresty</center></body></html>
syntax error, unexpected WORD_WORD, expecting SCAN_ATTR or SCAN_DATASET or SCAN_ERROR
context: <html^><head><title>504 Gateway Time-out</title></head><body><center><h1>504 Gateway Time-out</h1></center><hr><center>openresty</center></body></html>
syntax error, unexpected WORD_WORD, expecting SCAN_ATTR or SCAN_DATASET or SCAN_ERROR
context: <html^><head><title>504 Gateway Time-out</title></head><body><center><h1>504 Gateway Time-out</h1></center><hr><center>openresty</center></body></html>
syntax error, unexpected WORD_WORD, expecting SCAN_ATTR or SCAN_DATASET or SCAN_ERROR
context: <html^><head><title>504 Gateway Time-out</title></head><body><center><h1>504 Gateway Time-out</h1></center><hr><center>openresty</center></body></html>
syntax error, unexpected WORD_WORD, expecting SCAN_ATTR or SCAN_DATASET or SCAN_ERROR
context: <html^><head><title>504 Gateway Time-out</title></head><body><center><h1>504 Gateway Time-out</h1></center><hr><center>openresty</center></body></html>
syntax error, unexpected WORD_WORD, expecting SCAN_ATTR or SCAN_DATASET or SCAN_ERROR
context: <html^><head><title>504 Gateway Time-out</title></head><body><center><h1>504 Gateway Time-out</h1></center><hr><center>openresty</center></body></html>
syntax error, unexpected WORD_WORD, expecting SCAN_ATTR or SCAN_DATASET or SCAN_ERROR
context: <html^><head><title>504 Gateway Time-out</title></head><body><center><h1>504 Gateway Time-out</h1></center><hr><center>openresty</center></body></html>
syntax error, unexpected WORD_WORD, expecting SCAN_ATTR or SCAN_DATASET or SCAN_ERROR
context: <html^><head><title>504 Gateway Time-out</title></head><body><center><h1>504 Gateway Time-out</h1></center><hr><center>openresty</center></body></html>
syntax error, unexpected WORD_WORD, expecting SCAN_ATTR or SCAN_DATASET or SCAN_ERROR
context: <html^><head><title>504 Gateway Time-out</title></head><body><center><h1>504 Gateway Time-out</h1></center><hr><center>openresty</center></body></html>
syntax error, unexpected WORD_WORD, expecting SCAN_ATTR or SCAN_DATASET or SCAN_ERROR
context: <html^><head><title>504 Gateway Time-out</title></head><body><center><h1>504 Gateway Time-out</h1></center><hr><center>openresty</center></body></html>
syntax error, unexpected WORD_WORD, expecting SCAN_ATTR or SCAN_DATASET or SCAN_ERROR
context: <html^><head><title>504 Gateway Time-out</title></head><body><center><h1>504 Gateway Time-out</h1></center><hr><center>openresty</center></body></html>
syntax error, unexpected WORD_WORD, expecting SCAN_ATTR or SCAN_DATASET or SCAN_ERROR
context: <html^><head><title>504 Gateway Time-out</title></head><body><center><h1>504 Gateway Time-out</h1></center><hr><center>openresty</center></body></html>
syntax error, unexpected WORD_WORD, expecting SCAN_ATTR or SCAN_DATASET or SCAN_ERROR
context: <html^><head><title>504 Gateway Time-out</title></head><body><center><h1>504 Gateway Time-out</h1></center><hr><center>openresty</center></body></html>
syntax error, unexpected WORD_WORD, expecting SCAN_ATTR or SCAN_DATASET or SCAN_ERROR
context: <html^><head><title>504 Gateway Time-out</title></head><body><center><h1>504 Gateway Time-out</h1></center><hr><center>openresty</center></body></html>
syntax error, unexpected WORD_WORD, expecting SCAN_ATTR or SCAN_DATASET or SCAN_ERROR
context: <html^><head><title>504 Gateway Time-out</title></head><body><center><h1>504 Gateway Time-out</h1></center><hr><center>openresty</center></body></html>
